-------------------------------------------------------------------------------
Test set: com.example.order_service.OrderServiceApplicationTests
-------------------------------------------------------------------------------
Tests run: 1, Failures: 0, Errors: 1, Skipped: 0, Time elapsed: 12.373 s <<< FAILURE! - in com.example.order_service.OrderServiceApplicationTests
contextLoads  Time elapsed: 0.017 s  <<< ERROR!
java.lang.IllegalStateException: Failed to load ApplicationContext
Caused by: org.springframework.beans.factory.BeanCreationException: Error creating bean with name 'circuitBreakerRegistry' defined in class path resource [io/github/resilience4j/circuitbreaker/autoconfigure/CircuitBreakerConfigurationOnMissingBean.class]: Bean instantiation via factory method failed; nested exception is org.springframework.beans.BeanInstantiationException: Failed to instantiate [io.github.resilience4j.circuitbreaker.CircuitBreakerRegistry]: Factory method 'circuitBreakerRegistry' threw exception; nested exception is java.lang.NoSuchMethodError: io.github.resilience4j.circuitbreaker.CircuitBreakerRegistry.of(Ljava/util/Map;Lio/github/resilience4j/core/registry/RegistryEventConsumer;Lio/vavr/collection/Map;)Lio/github/resilience4j/circuitbreaker/CircuitBreakerRegistry;
Caused by: org.springframework.beans.BeanInstantiationException: Failed to instantiate [io.github.resilience4j.circuitbreaker.CircuitBreakerRegistry]: Factory method 'circuitBreakerRegistry' threw exception; nested exception is java.lang.NoSuchMethodError: io.github.resilience4j.circuitbreaker.CircuitBreakerRegistry.of(Ljava/util/Map;Lio/github/resilience4j/core/registry/RegistryEventConsumer;Lio/vavr/collection/Map;)Lio/github/resilience4j/circuitbreaker/CircuitBreakerRegistry;
Caused by: java.lang.NoSuchMethodError: io.github.resilience4j.circuitbreaker.CircuitBreakerRegistry.of(Ljava/util/Map;Lio/github/resilience4j/core/registry/RegistryEventConsumer;Lio/vavr/collection/Map;)Lio/github/resilience4j/circuitbreaker/CircuitBreakerRegistry;

