<?xml version="1.0" encoding="UTF-8"?>
<testsuite xmlns:xsi="http://www.w3.org/2001/XMLSchema-instance" xsi:noNamespaceSchemaLocation="https://maven.apache.org/surefire/maven-surefire-plugin/xsd/surefire-test-report.xsd" name="com.example.order_service.OrderServiceApplicationTests" time="12.373" tests="1" errors="1" skipped="0" failures="0">
  <properties>
[...]
</properties>
  <testcase name="contextLoads" classname="com.example.order_service.OrderServiceApplicationTests" time="0.017">
    <error message="Failed to load ApplicationContext" type="java.lang.IllegalStateException">java.lang.IllegalStateException: Failed to load ApplicationContext
Caused by: org.springframework.beans.factory.BeanCreationException: Error creating bean with name 'circuitBreakerRegistry' defined in class path resource [io/github/resilience4j/circuitbreaker/autoconfigure/CircuitBreakerConfigurationOnMissingBean.class]: Bean instantiation via factory method failed; nested exception is org.springframework.beans.BeanInstantiationException: Failed to instantiate [io.github.resilience4j.circuitbreaker.CircuitBreakerRegistry]: Factory method 'circuitBreakerRegistry' threw exception; nested exception is java.lang.NoSuchMethodError: io.github.resilience4j.circuitbreaker.CircuitBreakerRegistry.of(Ljava/util/Map;Lio/github/resilience4j/core/registry/RegistryEventConsumer;Lio/vavr/collection/Map;)Lio/github/resilience4j/circuitbreaker/CircuitBreakerRegistry;
Caused by: org.springframework.beans.BeanInstantiationException: Failed to instantiate [io.github.resilience4j.circuitbreaker.CircuitBreakerRegistry]: Factory method 'circuitBreakerRegistry' threw exception; nested exception is java.lang.NoSuchMethodError: io.github.resilience4j.circuitbreaker.CircuitBreakerRegistry.of(Ljava/util/Map;Lio/github/resilience4j/core/registry/RegistryEventConsumer;Lio/vavr/collection/Map;)Lio/github/resilience4j/circuitbreaker/CircuitBreakerRegistry;
Caused by: java.lang.NoSuchMethodError: io.github.resilience4j.circuitbreaker.CircuitBreakerRegistry.of(Ljava/util/Map;Lio/github/resilience4j/core/registry/RegistryEventConsumer;Lio/vavr/collection/Map;)Lio/github/resilience4j/circuitbreaker/CircuitBreakerRegistry;
</error>
    <system-out><![CDATA[15:02:27.745 [main] DEBUG org.springframework.test.context.BootstrapUtils - Instantiating CacheAwareContextLoaderDelegate from class [org.springframework.test.context.cache.DefaultCacheAwareContextLoaderDelegate]
15:02:27.765 [main] DEBUG org.springframework.test.context.BootstrapUtils - Instantiating BootstrapContext using constructor [public org.springframework.test.context.support.DefaultBootstrapContext(java.lang.Class,org.springframework.test.context.CacheAwareContextLoaderDelegate)]
15:02:27.806 [main] DEBUG org.springframework.test.context.BootstrapUtils - Instantiating TestContextBootstrapper for test class [com.example.order_service.OrderServiceApplicationTests] from class [org.springframework.boot.test.context.SpringBootTestContextBootstrapper]
15:02:27.836 [main] INFO org.springframework.boot.test.context.SpringBootTestContextBootstrapper - Neither @ContextConfiguration nor @ContextHierarchy found for test class [com.example.order_service.OrderServiceApplicationTests], using SpringBootContextLoader
15:02:27.844 [main] DEBUG org.springframework.test.context.support.AbstractContextLoader - Did not detect default resource location for test class [com.example.order_service.OrderServiceApplicationTests]: class path resource [com/example/order_service/OrderServiceApplicationTests-context.xml] does not exist
15:02:27.845 [main] DEBUG org.springframework.test.context.support.AbstractContextLoader - Did not detect default resource location for test class [com.example.order_service.OrderServiceApplicationTests]: class path resource [com/example/order_service/OrderServiceApplicationTestsContext.groovy] does not exist
15:02:27.846 [main] INFO org.springframework.test.context.support.AbstractContextLoader - Could not detect default resource locations for test class [com.example.order_service.OrderServiceApplicationTests]: no resource found for suffixes {-context.xml, Context.groovy}.
15:02:27.847 [main] INFO org.springframework.test.context.support.AnnotationConfigContextLoaderUtils - Could not detect default configuration classes for test class [com.example.order_service.OrderServiceApplicationTests]: OrderServiceApplicationTests does not declare any static, non-private, non-final, nested classes annotated with @Configuration.
15:02:27.913 [main] DEBUG org.springframework.test.context.support.ActiveProfilesUtils - Could not find an 'annotation declaring class' for annotation type [org.springframework.test.context.ActiveProfiles] and class [com.example.order_service.OrderServiceApplicationTests]
15:02:28.012 [main] DEBUG org.springframework.context.annotation.ClassPathScanningCandidateComponentProvider - Identified candidate component class: file [C:\Users\mohit_jaiswal\Documents\New_Workspace\order-service\target\classes\com\example\order_service\OrderServiceApplication.class]
15:02:28.015 [main] INFO org.springframework.boot.test.context.SpringBootTestContextBootstrapper - Found @SpringBootConfiguration com.example.order_service.OrderServiceApplication for test class com.example.order_service.OrderServiceApplicationTests
15:02:28.178 [main] DEBUG org.springframework.boot.test.context.SpringBootTestContextBootstrapper - @TestExecutionListeners is not present for class [com.example.order_service.OrderServiceApplicationTests]: using defaults.
15:02:28.178 [main] INFO org.springframework.boot.test.context.SpringBootTestContextBootstrapper - Loaded default TestExecutionListener class names from location [META-INF/spring.factories]: [org.springframework.boot.test.mock.mockito.MockitoTestExecutionListener, org.springframework.boot.test.mock.mockito.ResetMocksTestExecutionListener, org.springframework.boot.test.autoconfigure.restdocs.RestDocsTestExecutionListener, org.springframework.boot.test.autoconfigure.web.client.MockRestServiceServerResetTestExecutionListener, org.springframework.boot.test.autoconfigure.web.servlet.MockMvcPrintOnlyOnFailureTestExecutionListener, org.springframework.boot.test.autoconfigure.web.servlet.WebDriverTestExecutionListener, org.springframework.test.context.web.ServletTestExecutionListener, org.springframework.test.context.support.DirtiesContextBeforeModesTestExecutionListener, org.springframework.test.context.support.DependencyInjectionTestExecutionListener, org.springframework.test.context.support.DirtiesContextTestExecutionListener, org.springframework.test.context.transaction.TransactionalTestExecutionListener, org.springframework.test.context.jdbc.SqlScriptsTestExecutionListener, org.springframework.test.context.event.EventPublishingTestExecutionListener]
15:02:28.211 [main] INFO org.springframework.boot.test.context.SpringBootTestContextBootstrapper - Using TestExecutionListeners: [org.springframework.test.context.web.ServletTestExecutionListener@64ec96c6, org.springframework.test.context.support.DirtiesContextBeforeModesTestExecutionListener@77659b30, org.springframework.boot.test.mock.mockito.MockitoTestExecutionListener@456d6c1e, org.springframework.boot.test.autoconfigure.SpringBootDependencyInjectionTestExecutionListener@1e13529a, org.springframework.test.context.support.DirtiesContextTestExecutionListener@1ec9bd38, org.springframework.test.context.transaction.TransactionalTestExecutionListener@452e19ca, org.springframework.test.context.jdbc.SqlScriptsTestExecutionListener@6b0d80ed, org.springframework.test.context.event.EventPublishingTestExecutionListener@6f8e8894, org.springframework.boot.test.mock.mockito.ResetMocksTestExecutionListener@3cfdd820, org.springframework.boot.test.autoconfigure.restdocs.RestDocsTestExecutionListener@928763c, org.springframework.boot.test.autoconfigure.web.client.MockRestServiceServerResetTestExecutionListener@e25951c, org.springframework.boot.test.autoconfigure.web.servlet.MockMvcPrintOnlyOnFailureTestExecutionListener@15f47664, org.springframework.boot.test.autoconfigure.web.servlet.WebDriverTestExecutionListener@471a9022]
15:02:28.220 [main] DEBUG org.springframework.test.context.support.AbstractDirtiesContextTestExecutionListener - Before test class: context [DefaultTestContext@34b9f960 testClass = OrderServiceApplicationTests, testInstance = [null], testMethod = [null], testException = [null], mergedContextConfiguration = [WebMergedContextConfiguration@43015c69 testClass = OrderServiceApplicationTests, locations = '{}', classes = '{class com.example.order_service.OrderServiceApplication}', contextInitializerClasses = '[]', activeProfiles = '{}', propertySourceLocations = '{}', propertySourceProperties = '{org.springframework.boot.test.context.SpringBootTestContextBootstrapper=true}', contextCustomizers = set[org.springframework.boot.test.context.filter.ExcludeFilterContextCustomizer@1ff4931d, org.springframework.boot.test.json.DuplicateJsonObjectContextCustomizerFactory$DuplicateJsonObjectContextCustomizer@6ad82709, org.springframework.boot.test.mock.mockito.MockitoContextCustomizer@0, org.springframework.boot.test.web.client.TestRestTemplateContextCustomizer@6f4a47c7, org.springframework.boot.test.autoconfigure.properties.PropertyMappingContextCustomizer@0, org.springframework.boot.test.autoconfigure.web.servlet.WebDriverContextCustomizerFactory$Customizer@707194ba], resourceBasePath = 'src/main/webapp', contextLoader = 'org.springframework.boot.test.context.SpringBootContextLoader', parent = [null]], attributes = map['org.springframework.test.context.web.ServletTestExecutionListener.activateListener' -> true]], class annotated with @DirtiesContext [false] with mode [null].
15:02:28.263 [main] DEBUG org.springframework.test.context.support.TestPropertySourceUtils - Adding inlined properties to environment: {spring.jmx.enabled=false, org.springframework.boot.test.context.SpringBootTestContextBootstrapper=true, server.port=-1}
LOGBACK: No context given for c.q.l.core.rolling.SizeAndTimeBasedRollingPolicy@1807911555

  .   ____          _            __ _ _
 /\\ / ___'_ __ _ _(_)_ __  __ _ \ \ \ \
( ( )\___ | '_ | '_| | '_ \/ _` | \ \ \ \
 \\/  ___)| |_)| | | | | || (_| |  ) ) ) )
  '  |____| .__|_| |_|_| |_\__, | / / / /
 =========|_|==============|___/=/_/_/_/
 :: Spring Boot ::        (v2.2.5.RELEASE)

2024-12-04 15:02:29.652  INFO [order-service,,,] 28312 --- [           main] c.c.c.ConfigServicePropertySourceLocator : Fetching config from server at : http://localhost:9196
2024-12-04 15:02:31.020  INFO [order-service,,,] 28312 --- [           main] c.c.c.ConfigServicePropertySourceLocator : Located environment: name=order-service, profiles=[default], label=null, version=d895d04f2cad7fa52aa48a2880ebe9236e4d121b, state=null
2024-12-04 15:02:31.021  INFO [order-service,,,] 28312 --- [           main] b.c.PropertySourceBootstrapConfiguration : Located property source: [BootstrapPropertySource {name='bootstrapProperties-configClient'}, BootstrapPropertySource {name='bootstrapProperties-https://github.com/Java-Techie-jt/cloud-config-server/application.yml'}]
LOGBACK: No context given for c.q.l.core.rolling.SizeAndTimeBasedRollingPolicy@1561347421
2024-12-04 15:02:31.099  INFO [order-service,,,] 28312 --- [           main] c.e.o.OrderServiceApplicationTests       : No active profile set, falling back to default profiles: default
2024-12-04 15:02:31.920  INFO [order-service,,,] 28312 --- [           main] i.g.r.utils.RxJava2OnClasspathCondition  : RxJava2 related Aspect extensions are not activated, because RxJava2 is not on the classpath.
2024-12-04 15:02:31.922  INFO [order-service,,,] 28312 --- [           main] i.g.r.utils.ReactorOnClasspathCondition  : Reactor related Aspect extensions are not activated because Resilience4j Reactor module is not on the classpath.
2024-12-04 15:02:31.945  INFO [order-service,,,] 28312 --- [           main] i.g.r.utils.RxJava2OnClasspathCondition  : RxJava2 related Aspect extensions are not activated, because RxJava2 is not on the classpath.
2024-12-04 15:02:31.947  INFO [order-service,,,] 28312 --- [           main] i.g.r.utils.ReactorOnClasspathCondition  : Reactor related Aspect extensions are not activated because Resilience4j Reactor module is not on the classpath.
2024-12-04 15:02:31.988  INFO [order-service,,,] 28312 --- [           main] i.g.r.utils.RxJava2OnClasspathCondition  : RxJava2 related Aspect extensions are not activated, because RxJava2 is not on the classpath.
2024-12-04 15:02:31.989  INFO [order-service,,,] 28312 --- [           main] i.g.r.utils.ReactorOnClasspathCondition  : Reactor related Aspect extensions are not activated because Resilience4j Reactor module is not on the classpath.
2024-12-04 15:02:32.022  INFO [order-service,,,] 28312 --- [           main] i.g.r.utils.RxJava2OnClasspathCondition  : RxJava2 related Aspect extensions are not activated, because RxJava2 is not on the classpath.
2024-12-04 15:02:32.024  INFO [order-service,,,] 28312 --- [           main] i.g.r.utils.ReactorOnClasspathCondition  : Reactor related Aspect extensions are not activated because Resilience4j Reactor module is not on the classpath.
2024-12-04 15:02:32.054  INFO [order-service,,,] 28312 --- [           main] i.g.r.utils.RxJava2OnClasspathCondition  : RxJava2 related Aspect extensions are not activated, because RxJava2 is not on the classpath.
2024-12-04 15:02:32.055  INFO [order-service,,,] 28312 --- [           main] i.g.r.utils.ReactorOnClasspathCondition  : Reactor related Aspect extensions are not activated because Resilience4j Reactor module is not on the classpath.
2024-12-04 15:02:32.082  INFO [order-service,,,] 28312 --- [           main] i.g.r.utils.RxJava2OnClasspathCondition  : RxJava2 related Aspect extensions are not activated, because RxJava2 is not on the classpath.
2024-12-04 15:02:32.083  INFO [order-service,,,] 28312 --- [           main] i.g.r.utils.ReactorOnClasspathCondition  : Reactor related Aspect extensions are not activated because Resilience4j Reactor module is not on the classpath.
2024-12-04 15:02:32.415  INFO [order-service,,,] 28312 --- [           main] .s.d.r.c.RepositoryConfigurationDelegate : Bootstrapping Spring Data JPA repositories in DEFAULT mode.
2024-12-04 15:02:32.639  INFO [order-service,,,] 28312 --- [           main] .s.d.r.c.RepositoryConfigurationDelegate : Finished Spring Data repository scanning in 214ms. Found 1 JPA repository interfaces.
2024-12-04 15:02:32.819  WARN [order-service,,,] 28312 --- [           main] o.s.boot.actuate.endpoint.EndpointId     : Endpoint ID 'service-registry' contains invalid characters, please migrate to a valid format.
2024-12-04 15:02:33.207  INFO [order-service,,,] 28312 --- [           main] o.s.cloud.context.scope.GenericScope     : BeanFactory id=a7dbede6-4fd0-3860-a492-5e8db31d0258
2024-12-04 15:02:33.578  INFO [order-service,,,] 28312 --- [           main] trationDelegate$BeanPostProcessorChecker : Bean 'org.springframework.ws.config.annotation.DelegatingWsConfiguration' of type [org.springframework.ws.config.annotation.DelegatingWsConfiguration$$EnhancerBySpringCGLIB$$b57cdf87] is not eligible for getting processed by all BeanPostProcessors (for example: not eligible for auto-proxying)
2024-12-04 15:02:33.654  INFO [order-service,,,] 28312 --- [           main] .w.s.a.s.AnnotationActionEndpointMapping : Supporting [WS-Addressing August 2004, WS-Addressing 1.0]
2024-12-04 15:02:34.472  INFO [order-service,,,] 28312 --- [           main] com.zaxxer.hikari.HikariDataSource       : HikariPool-1 - Starting...
2024-12-04 15:02:34.802  INFO [order-service,,,] 28312 --- [           main] com.zaxxer.hikari.HikariDataSource       : HikariPool-1 - Start completed.
2024-12-04 15:02:34.933  INFO [order-service,,,] 28312 --- [           main] o.hibernate.jpa.internal.util.LogHelper  : HHH000204: Processing PersistenceUnitInfo [name: default]
2024-12-04 15:02:35.052  INFO [order-service,,,] 28312 --- [           main] org.hibernate.Version                    : HHH000412: Hibernate ORM core version 5.4.12.Final
2024-12-04 15:02:35.204  INFO [order-service,,,] 28312 --- [           main] o.hibernate.annotations.common.Version   : HCANN000001: Hibernate Commons Annotations {5.1.0.Final}
2024-12-04 15:02:35.509  INFO [order-service,,,] 28312 --- [           main] org.hibernate.dialect.Dialect            : HHH000400: Using dialect: org.hibernate.dialect.H2Dialect
2024-12-04 15:02:36.536  INFO [order-service,,,] 28312 --- [           main] o.h.e.t.j.p.i.JtaPlatformInitiator       : HHH000490: Using JtaPlatform implementation: [org.hibernate.engine.transaction.jta.platform.internal.NoJtaPlatform]
2024-12-04 15:02:36.546  INFO [order-service,,,] 28312 --- [           main] j.LocalContainerEntityManagerFactoryBean : Initialized JPA EntityManagerFactory for persistence unit 'default'
2024-12-04 15:02:37.387  WARN [order-service,,,] 28312 --- [           main] c.n.c.sources.URLConfigurationSource     : No URLs will be polled as dynamic configuration sources.
2024-12-04 15:02:37.388  INFO [order-service,,,] 28312 --- [           main] c.n.c.sources.URLConfigurationSource     : To enable URLs as dynamic configuration sources, define System property archaius.configurationSource.additionalUrls or make config.properties available on classpath.
2024-12-04 15:02:37.402  WARN [order-service,,,] 28312 --- [           main] c.n.c.sources.URLConfigurationSource     : No URLs will be polled as dynamic configuration sources.
2024-12-04 15:02:37.403  INFO [order-service,,,] 28312 --- [           main] c.n.c.sources.URLConfigurationSource     : To enable URLs as dynamic configuration sources, define System property archaius.configurationSource.additionalUrls or make config.properties available on classpath.
2024-12-04 15:02:37.696  WARN [order-service,,,] 28312 --- [           main] JpaBaseConfiguration$JpaWebConfiguration : spring.jpa.open-in-view is enabled by default. Therefore, database queries may be performed during view rendering. Explicitly configure spring.jpa.open-in-view to disable this warning
2024-12-04 15:02:38.929  INFO [order-service,,,] 28312 --- [           main] o.s.s.concurrent.ThreadPoolTaskExecutor  : Initializing ExecutorService 'applicationTaskExecutor'
2024-12-04 15:02:39.938  WARN [order-service,,,] 28312 --- [           main] o.s.w.c.s.GenericWebApplicationContext   : Exception encountered during context initialization - cancelling refresh attempt: org.springframework.beans.factory.BeanCreationException: Error creating bean with name 'circuitBreakerRegistry' defined in class path resource [io/github/resilience4j/circuitbreaker/autoconfigure/CircuitBreakerConfigurationOnMissingBean.class]: Bean instantiation via factory method failed; nested exception is org.springframework.beans.BeanInstantiationException: Failed to instantiate [io.github.resilience4j.circuitbreaker.CircuitBreakerRegistry]: Factory method 'circuitBreakerRegistry' threw exception; nested exception is java.lang.NoSuchMethodError: io.github.resilience4j.circuitbreaker.CircuitBreakerRegistry.of(Ljava/util/Map;Lio/github/resilience4j/core/registry/RegistryEventConsumer;Lio/vavr/collection/Map;)Lio/github/resilience4j/circuitbreaker/CircuitBreakerRegistry;
2024-12-04 15:02:39.958  INFO [order-service,,,] 28312 --- [           main] o.s.s.concurrent.ThreadPoolTaskExecutor  : Shutting down ExecutorService 'applicationTaskExecutor'
2024-12-04 15:02:39.964  INFO [order-service,,,] 28312 --- [           main] j.LocalContainerEntityManagerFactoryBean : Closing JPA EntityManagerFactory for persistence unit 'default'
2024-12-04 15:02:39.965  INFO [order-service,,,] 28312 --- [           main] .SchemaDropperImpl$DelayedDropActionImpl : HHH000477: Starting delayed evictData of schema as part of SessionFactory shut-down'
2024-12-04 15:02:39.977  INFO [order-service,,,] 28312 --- [           main] com.zaxxer.hikari.HikariDataSource       : HikariPool-1 - Shutdown initiated...
2024-12-04 15:02:39.982  INFO [order-service,,,] 28312 --- [           main] com.zaxxer.hikari.HikariDataSource       : HikariPool-1 - Shutdown completed.
2024-12-04 15:02:40.011  INFO [order-service,,,] 28312 --- [           main] ConditionEvaluationReportLoggingListener : 

Error starting ApplicationContext. To display the conditions report re-run your application with 'debug' enabled.
2024-12-04 15:02:40.017 ERROR [order-service,,,] 28312 --- [           main] o.s.b.d.LoggingFailureAnalysisReporter   : 

***************************
APPLICATION FAILED TO START
***************************

Description:

An attempt was made to call a method that does not exist. The attempt was made from the following location:

    io.github.resilience4j.circuitbreaker.configure.CircuitBreakerConfiguration.createCircuitBreakerRegistry(CircuitBreakerConfiguration.java:145)

The following method did not exist:

    io.github.resilience4j.circuitbreaker.CircuitBreakerRegistry.of(Ljava/util/Map;Lio/github/resilience4j/core/registry/RegistryEventConsumer;Lio/vavr/collection/Map;)Lio/github/resilience4j/circuitbreaker/CircuitBreakerRegistry;

The method's class, io.github.resilience4j.circuitbreaker.CircuitBreakerRegistry, is available from the following locations:

    jar:file:/C:/Users/mohit_jaiswal/.m2/repository/io/github/resilience4j/resilience4j-circuitbreaker/1.1.0/resilience4j-circuitbreaker-1.1.0.jar!/io/github/resilience4j/circuitbreaker/CircuitBreakerRegistry.class

It was loaded from the following location:

    file:/C:/Users/mohit_jaiswal/.m2/repository/io/github/resilience4j/resilience4j-circuitbreaker/1.1.0/resilience4j-circuitbreaker-1.1.0.jar


Action:

Correct the classpath of your application so that it contains a single, compatible version of io.github.resilience4j.circuitbreaker.CircuitBreakerRegistry

2024-12-04 15:02:40.027 ERROR [order-service,,,] 28312 --- [           main] o.s.test.context.TestContextManager      : Caught exception while allowing TestExecutionListener [org.springframework.test.context.web.ServletTestExecutionListener@64ec96c6] to prepare test instance [com.example.order_service.OrderServiceApplicationTests@31beb0d0]

java.lang.IllegalStateException: Failed to load ApplicationContext
	at org.springframework.test.context.cache.DefaultCacheAwareContextLoaderDelegate.loadContext(DefaultCacheAwareContextLoaderDelegate.java:132) ~[spring-test-5.2.4.RELEASE.jar:5.2.4.RELEASE]
	at org.springframework.test.context.support.DefaultTestContext.getApplicationContext(DefaultTestContext.java:123) ~[spring-test-5.2.4.RELEASE.jar:5.2.4.RELEASE]
	at org.springframework.test.context.web.ServletTestExecutionListener.setUpRequestContextIfNecessary(ServletTestExecutionListener.java:190) ~[spring-test-5.2.4.RELEASE.jar:5.2.4.RELEASE]
	at org.springframework.test.context.web.ServletTestExecutionListener.prepareTestInstance(ServletTestExecutionListener.java:132) ~[spring-test-5.2.4.RELEASE.jar:5.2.4.RELEASE]
	at org.springframework.test.context.TestContextManager.prepareTestInstance(TestContextManager.java:244) ~[spring-test-5.2.4.RELEASE.jar:5.2.4.RELEASE]
	at org.springframework.test.context.junit.jupiter.SpringExtension.postProcessTestInstance(SpringExtension.java:98) [spring-test-5.2.4.RELEASE.jar:5.2.4.RELEASE]
	at org.junit.jupiter.engine.descriptor.ClassBasedTestDescriptor.lambda$invokeTestInstancePostProcessors$5(ClassBasedTestDescriptor.java:337) [junit-jupiter-engine-5.5.2.jar:5.5.2]
	at org.junit.jupiter.engine.descriptor.ClassBasedTestDescriptor.executeAndMaskThrowable(ClassBasedTestDescriptor.java:342) [junit-jupiter-engine-5.5.2.jar:5.5.2]
	at org.junit.jupiter.engine.descriptor.ClassBasedTestDescriptor.lambda$invokeTestInstancePostProcessors$6(ClassBasedTestDescriptor.java:337) [junit-jupiter-engine-5.5.2.jar:5.5.2]
	at java.util.stream.ReferencePipeline$3$1.accept(ReferencePipeline.java:193) ~[na:1.8.0_202]
	at java.util.stream.ReferencePipeline$2$1.accept(ReferencePipeline.java:175) ~[na:1.8.0_202]
	at java.util.ArrayList$ArrayListSpliterator.forEachRemaining(ArrayList.java:1382) ~[na:1.8.0_202]
	at java.util.stream.AbstractPipeline.copyInto(AbstractPipeline.java:481) ~[na:1.8.0_202]
	at java.util.stream.AbstractPipeline.wrapAndCopyInto(AbstractPipeline.java:471) ~[na:1.8.0_202]
	at java.util.stream.StreamSpliterators$WrappingSpliterator.forEachRemaining(StreamSpliterators.java:312) ~[na:1.8.0_202]
	at java.util.stream.Streams$ConcatSpliterator.forEachRemaining(Streams.java:743) ~[na:1.8.0_202]
	at java.util.stream.Streams$ConcatSpliterator.forEachRemaining(Streams.java:742) ~[na:1.8.0_202]
	at java.util.stream.ReferencePipeline$Head.forEach(ReferencePipeline.java:580) ~[na:1.8.0_202]
	at org.junit.jupiter.engine.descriptor.ClassBasedTestDescriptor.invokeTestInstancePostProcessors(ClassBasedTestDescriptor.java:336) [junit-jupiter-engine-5.5.2.jar:5.5.2]
	at org.junit.jupiter.engine.descriptor.ClassBasedTestDescriptor.instantiateAndPostProcessTestInstance(ClassBasedTestDescriptor.java:259) [junit-jupiter-engine-5.5.2.jar:5.5.2]
	at org.junit.jupiter.engine.descriptor.ClassBasedTestDescriptor.lambda$testInstancesProvider$2(ClassBasedTestDescriptor.java:252) [junit-jupiter-engine-5.5.2.jar:5.5.2]
	at java.util.Optional.orElseGet(Optional.java:267) ~[na:1.8.0_202]
	at org.junit.jupiter.engine.descriptor.ClassBasedTestDescriptor.lambda$testInstancesProvider$3(ClassBasedTestDescriptor.java:251) [junit-jupiter-engine-5.5.2.jar:5.5.2]
	at org.junit.jupiter.engine.execution.TestInstancesProvider.getTestInstances(TestInstancesProvider.java:29) ~[junit-jupiter-engine-5.5.2.jar:5.5.2]
	at org.junit.jupiter.engine.descriptor.TestMethodTestDescriptor.lambda$prepare$0(TestMethodTestDescriptor.java:106) ~[junit-jupiter-engine-5.5.2.jar:5.5.2]
	at org.junit.platform.engine.support.hierarchical.ThrowableCollector.execute(ThrowableCollector.java:73) ~[junit-platform-engine-1.5.2.jar:1.5.2]
	at org.junit.jupiter.engine.descriptor.TestMethodTestDescriptor.prepare(TestMethodTestDescriptor.java:105) ~[junit-jupiter-engine-5.5.2.jar:5.5.2]
	at org.junit.jupiter.engine.descriptor.TestMethodTestDescriptor.prepare(TestMethodTestDescriptor.java:69) ~[junit-jupiter-engine-5.5.2.jar:5.5.2]
	at org.junit.platform.engine.support.hierarchical.NodeTestTask.lambda$prepare$1(NodeTestTask.java:107) ~[junit-platform-engine-1.5.2.jar:1.5.2]
	at org.junit.platform.engine.support.hierarchical.ThrowableCollector.execute(ThrowableCollector.java:73) ~[junit-platform-engine-1.5.2.jar:1.5.2]
	at org.junit.platform.engine.support.hierarchical.NodeTestTask.prepare(NodeTestTask.java:107) ~[junit-platform-engine-1.5.2.jar:1.5.2]
	at org.junit.platform.engine.support.hierarchical.NodeTestTask.execute(NodeTestTask.java:75) ~[junit-platform-engine-1.5.2.jar:1.5.2]
	at java.util.ArrayList.forEach(ArrayList.java:1257) ~[na:1.8.0_202]
	at org.junit.platform.engine.support.hierarchical.SameThreadHierarchicalTestExecutorService.invokeAll(SameThreadHierarchicalTestExecutorService.java:38) ~[junit-platform-engine-1.5.2.jar:1.5.2]
	at org.junit.platform.engine.support.hierarchical.NodeTestTask.lambda$executeRecursively$5(NodeTestTask.java:139) ~[junit-platform-engine-1.5.2.jar:1.5.2]
	at org.junit.platform.engine.support.hierarchical.ThrowableCollector.execute(ThrowableCollector.java:73) ~[junit-platform-engine-1.5.2.jar:1.5.2]
	at org.junit.platform.engine.support.hierarchical.NodeTestTask.lambda$executeRecursively$7(NodeTestTask.java:125) ~[junit-platform-engine-1.5.2.jar:1.5.2]
	at org.junit.platform.engine.support.hierarchical.Node.around(Node.java:135) ~[junit-platform-engine-1.5.2.jar:1.5.2]
	at org.junit.platform.engine.support.hierarchical.NodeTestTask.lambda$executeRecursively$8(NodeTestTask.java:123) ~[junit-platform-engine-1.5.2.jar:1.5.2]
	at org.junit.platform.engine.support.hierarchical.ThrowableCollector.execute(ThrowableCollector.java:73) ~[junit-platform-engine-1.5.2.jar:1.5.2]
	at org.junit.platform.engine.support.hierarchical.NodeTestTask.executeRecursively(NodeTestTask.java:122) ~[junit-platform-engine-1.5.2.jar:1.5.2]
	at org.junit.platform.engine.support.hierarchical.NodeTestTask.execute(NodeTestTask.java:80) ~[junit-platform-engine-1.5.2.jar:1.5.2]
	at java.util.ArrayList.forEach(ArrayList.java:1257) ~[na:1.8.0_202]
	at org.junit.platform.engine.support.hierarchical.SameThreadHierarchicalTestExecutorService.invokeAll(SameThreadHierarchicalTestExecutorService.java:38) ~[junit-platform-engine-1.5.2.jar:1.5.2]
	at org.junit.platform.engine.support.hierarchical.NodeTestTask.lambda$executeRecursively$5(NodeTestTask.java:139) ~[junit-platform-engine-1.5.2.jar:1.5.2]
	at org.junit.platform.engine.support.hierarchical.ThrowableCollector.execute(ThrowableCollector.java:73) ~[junit-platform-engine-1.5.2.jar:1.5.2]
	at org.junit.platform.engine.support.hierarchical.NodeTestTask.lambda$executeRecursively$7(NodeTestTask.java:125) ~[junit-platform-engine-1.5.2.jar:1.5.2]
	at org.junit.platform.engine.support.hierarchical.Node.around(Node.java:135) ~[junit-platform-engine-1.5.2.jar:1.5.2]
	at org.junit.platform.engine.support.hierarchical.NodeTestTask.lambda$executeRecursively$8(NodeTestTask.java:123) ~[junit-platform-engine-1.5.2.jar:1.5.2]
	at org.junit.platform.engine.support.hierarchical.ThrowableCollector.execute(ThrowableCollector.java:73) ~[junit-platform-engine-1.5.2.jar:1.5.2]
	at org.junit.platform.engine.support.hierarchical.NodeTestTask.executeRecursively(NodeTestTask.java:122) ~[junit-platform-engine-1.5.2.jar:1.5.2]
	at org.junit.platform.engine.support.hierarchical.NodeTestTask.execute(NodeTestTask.java:80) ~[junit-platform-engine-1.5.2.jar:1.5.2]
	at org.junit.platform.engine.support.hierarchical.SameThreadHierarchicalTestExecutorService.submit(SameThreadHierarchicalTestExecutorService.java:32) ~[junit-platform-engine-1.5.2.jar:1.5.2]
	at org.junit.platform.engine.support.hierarchical.HierarchicalTestExecutor.execute(HierarchicalTestExecutor.java:57) ~[junit-platform-engine-1.5.2.jar:1.5.2]
	at org.junit.platform.engine.support.hierarchical.HierarchicalTestEngine.execute(HierarchicalTestEngine.java:51) ~[junit-platform-engine-1.5.2.jar:1.5.2]
	at org.junit.platform.launcher.core.DefaultLauncher.execute(DefaultLauncher.java:220) ~[junit-platform-launcher-1.3.1.jar:1.3.1]
	at org.junit.platform.launcher.core.DefaultLauncher.lambda$execute$6(DefaultLauncher.java:188) ~[junit-platform-launcher-1.3.1.jar:1.3.1]
	at org.junit.platform.launcher.core.DefaultLauncher.withInterceptedStreams(DefaultLauncher.java:202) ~[junit-platform-launcher-1.3.1.jar:1.3.1]
	at org.junit.platform.launcher.core.DefaultLauncher.execute(DefaultLauncher.java:181) ~[junit-platform-launcher-1.3.1.jar:1.3.1]
	at org.junit.platform.launcher.core.DefaultLauncher.execute(DefaultLauncher.java:128) ~[junit-platform-launcher-1.3.1.jar:1.3.1]
	at org.apache.maven.surefire.junitplatform.JUnitPlatformProvider.invokeAllTests(JUnitPlatformProvider.java:150) ~[surefire-junit-platform-2.22.2.jar:2.22.2]
	at org.apache.maven.surefire.junitplatform.JUnitPlatformProvider.invoke(JUnitPlatformProvider.java:124) ~[surefire-junit-platform-2.22.2.jar:2.22.2]
	at org.apache.maven.surefire.booter.ForkedBooter.invokeProviderInSameClassLoader(ForkedBooter.java:384) ~[surefire-booter-2.22.2.jar:2.22.2]
	at org.apache.maven.surefire.booter.ForkedBooter.runSuitesInProcess(ForkedBooter.java:345) ~[surefire-booter-2.22.2.jar:2.22.2]
	at org.apache.maven.surefire.booter.ForkedBooter.execute(ForkedBooter.java:126) ~[surefire-booter-2.22.2.jar:2.22.2]
	at org.apache.maven.surefire.booter.ForkedBooter.main(ForkedBooter.java:418) ~[surefire-booter-2.22.2.jar:2.22.2]
Caused by: org.springframework.beans.factory.BeanCreationException: Error creating bean with name 'circuitBreakerRegistry' defined in class path resource [io/github/resilience4j/circuitbreaker/autoconfigure/CircuitBreakerConfigurationOnMissingBean.class]: Bean instantiation via factory method failed; nested exception is org.springframework.beans.BeanInstantiationException: Failed to instantiate [io.github.resilience4j.circuitbreaker.CircuitBreakerRegistry]: Factory method 'circuitBreakerRegistry' threw exception; nested exception is java.lang.NoSuchMethodError: io.github.resilience4j.circuitbreaker.CircuitBreakerRegistry.of(Ljava/util/Map;Lio/github/resilience4j/core/registry/RegistryEventConsumer;Lio/vavr/collection/Map;)Lio/github/resilience4j/circuitbreaker/CircuitBreakerRegistry;
	at org.springframework.beans.factory.support.ConstructorResolver.instantiate(ConstructorResolver.java:656) ~[spring-beans-5.2.4.RELEASE.jar:5.2.4.RELEASE]
	at org.springframework.beans.factory.support.ConstructorResolver.instantiateUsingFactoryMethod(ConstructorResolver.java:636) ~[spring-beans-5.2.4.RELEASE.jar:5.2.4.RELEASE]
	at org.springframework.beans.factory.support.AbstractAutowireCapableBeanFactory.instantiateUsingFactoryMethod(AbstractAutowireCapableBeanFactory.java:1338) ~[spring-beans-5.2.4.RELEASE.jar:5.2.4.RELEASE]
	at org.springframework.beans.factory.support.AbstractAutowireCapableBeanFactory.createBeanInstance(AbstractAutowireCapableBeanFactory.java:1177) ~[spring-beans-5.2.4.RELEASE.jar:5.2.4.RELEASE]
	at org.springframework.beans.factory.support.AbstractAutowireCapableBeanFactory.doCreateBean(AbstractAutowireCapableBeanFactory.java:557) ~[spring-beans-5.2.4.RELEASE.jar:5.2.4.RELEASE]
	at org.springframework.beans.factory.support.AbstractAutowireCapableBeanFactory.createBean(AbstractAutowireCapableBeanFactory.java:517) ~[spring-beans-5.2.4.RELEASE.jar:5.2.4.RELEASE]
	at org.springframework.beans.factory.support.AbstractBeanFactory.lambda$doGetBean$0(AbstractBeanFactory.java:323) ~[spring-beans-5.2.4.RELEASE.jar:5.2.4.RELEASE]
	at org.springframework.beans.factory.support.DefaultSingletonBeanRegistry.getSingleton(DefaultSingletonBeanRegistry.java:222) ~[spring-beans-5.2.4.RELEASE.jar:5.2.4.RELEASE]
	at org.springframework.beans.factory.support.AbstractBeanFactory.doGetBean(AbstractBeanFactory.java:321) ~[spring-beans-5.2.4.RELEASE.jar:5.2.4.RELEASE]
	at org.springframework.beans.factory.support.AbstractBeanFactory.getBean(AbstractBeanFactory.java:202) ~[spring-beans-5.2.4.RELEASE.jar:5.2.4.RELEASE]
	at org.springframework.beans.factory.support.DefaultListableBeanFactory.preInstantiateSingletons(DefaultListableBeanFactory.java:879) ~[spring-beans-5.2.4.RELEASE.jar:5.2.4.RELEASE]
	at org.springframework.context.support.AbstractApplicationContext.finishBeanFactoryInitialization(AbstractApplicationContext.java:878) ~[spring-context-5.2.4.RELEASE.jar:5.2.4.RELEASE]
	at org.springframework.context.support.AbstractApplicationContext.refresh(AbstractApplicationContext.java:550) ~[spring-context-5.2.4.RELEASE.jar:5.2.4.RELEASE]
	at org.springframework.boot.SpringApplication.refresh(SpringApplication.java:747) ~[spring-boot-2.2.5.RELEASE.jar:2.2.5.RELEASE]
	at org.springframework.boot.SpringApplication.refreshContext(SpringApplication.java:397) ~[spring-boot-2.2.5.RELEASE.jar:2.2.5.RELEASE]
	at org.springframework.boot.SpringApplication.run(SpringApplication.java:315) ~[spring-boot-2.2.5.RELEASE.jar:2.2.5.RELEASE]
	at org.springframework.boot.test.context.SpringBootContextLoader.loadContext(SpringBootContextLoader.java:126) ~[spring-boot-test-2.2.5.RELEASE.jar:2.2.5.RELEASE]
	at org.springframework.test.context.cache.DefaultCacheAwareContextLoaderDelegate.loadContextInternal(DefaultCacheAwareContextLoaderDelegate.java:99) ~[spring-test-5.2.4.RELEASE.jar:5.2.4.RELEASE]
	at org.springframework.test.context.cache.DefaultCacheAwareContextLoaderDelegate.loadContext(DefaultCacheAwareContextLoaderDelegate.java:124) ~[spring-test-5.2.4.RELEASE.jar:5.2.4.RELEASE]
	... 65 common frames omitted
Caused by: org.springframework.beans.BeanInstantiationException: Failed to instantiate [io.github.resilience4j.circuitbreaker.CircuitBreakerRegistry]: Factory method 'circuitBreakerRegistry' threw exception; nested exception is java.lang.NoSuchMethodError: io.github.resilience4j.circuitbreaker.CircuitBreakerRegistry.of(Ljava/util/Map;Lio/github/resilience4j/core/registry/RegistryEventConsumer;Lio/vavr/collection/Map;)Lio/github/resilience4j/circuitbreaker/CircuitBreakerRegistry;
	at org.springframework.beans.factory.support.SimpleInstantiationStrategy.instantiate(SimpleInstantiationStrategy.java:185) ~[spring-beans-5.2.4.RELEASE.jar:5.2.4.RELEASE]
	at org.springframework.beans.factory.support.ConstructorResolver.instantiate(ConstructorResolver.java:651) ~[spring-beans-5.2.4.RELEASE.jar:5.2.4.RELEASE]
	... 83 common frames omitted
Caused by: java.lang.NoSuchMethodError: io.github.resilience4j.circuitbreaker.CircuitBreakerRegistry.of(Ljava/util/Map;Lio/github/resilience4j/core/registry/RegistryEventConsumer;Lio/vavr/collection/Map;)Lio/github/resilience4j/circuitbreaker/CircuitBreakerRegistry;
	at io.github.resilience4j.circuitbreaker.configure.CircuitBreakerConfiguration.createCircuitBreakerRegistry(CircuitBreakerConfiguration.java:145) ~[resilience4j-spring-1.5.0.jar:1.5.0]
	at io.github.resilience4j.circuitbreaker.configure.CircuitBreakerConfiguration.circuitBreakerRegistry(CircuitBreakerConfiguration.java:73) ~[resilience4j-spring-1.5.0.jar:1.5.0]
	at io.github.resilience4j.circuitbreaker.autoconfigure.AbstractCircuitBreakerConfigurationOnMissingBean.circuitBreakerRegistry(AbstractCircuitBreakerConfigurationOnMissingBean.java:70) ~[resilience4j-spring-boot2-1.5.0.jar:1.5.0]
	at io.github.resilience4j.circuitbreaker.autoconfigure.CircuitBreakerConfigurationOnMissingBean$$EnhancerBySpringCGLIB$$5712b60f.CGLIB$circuitBreakerRegistry$1(<generated>) ~[resilience4j-spring-boot2-1.5.0.jar:1.5.0]
	at io.github.resilience4j.circuitbreaker.autoconfigure.CircuitBreakerConfigurationOnMissingBean$$EnhancerBySpringCGLIB$$5712b60f$$FastClassBySpringCGLIB$$a1b7daa4.invoke(<generated>) ~[resilience4j-spring-boot2-1.5.0.jar:1.5.0]
	at org.springframework.cglib.proxy.MethodProxy.invokeSuper(MethodProxy.java:244) ~[spring-core-5.2.4.RELEASE.jar:5.2.4.RELEASE]
	at org.springframework.context.annotation.ConfigurationClassEnhancer$BeanMethodInterceptor.intercept(ConfigurationClassEnhancer.java:331) ~[spring-context-5.2.4.RELEASE.jar:5.2.4.RELEASE]
	at io.github.resilience4j.circuitbreaker.autoconfigure.CircuitBreakerConfigurationOnMissingBean$$EnhancerBySpringCGLIB$$5712b60f.circuitBreakerRegistry(<generated>) ~[resilience4j-spring-boot2-1.5.0.jar:1.5.0]
	at sun.reflect.NativeMethodAccessorImpl.invoke0(Native Method) ~[na:1.8.0_202]
	at sun.reflect.NativeMethodAccessorImpl.invoke(NativeMethodAccessorImpl.java:62) ~[na:1.8.0_202]
	at sun.reflect.DelegatingMethodAccessorImpl.invoke(DelegatingMethodAccessorImpl.java:43) ~[na:1.8.0_202]
	at java.lang.reflect.Method.invoke(Method.java:498) ~[na:1.8.0_202]
	at org.springframework.beans.factory.support.SimpleInstantiationStrategy.instantiate(SimpleInstantiationStrategy.java:154) ~[spring-beans-5.2.4.RELEASE.jar:5.2.4.RELEASE]
	... 84 common frames omitted

]]></system-out>
  </testcase>
</testsuite>